{"/Users/dennishsiaotiwang/Library/CloudStorage/OneDrive-Personal/BSc in Software Engineering Courses/BSc in Software Engineering Semester 2/09_COMPONENTS_OF_SOFTWARE_ENGINEERING/Lab_4/lab4-unit-testing/BankAccount.js": {"path":"/Users/dennishsiaotiwang/Library/CloudStorage/OneDrive-Personal/BSc in Software Engineering Courses/BSc in Software Engineering Semester 2/09_COMPONENTS_OF_SOFTWARE_ENGINEERING/Lab_4/lab4-unit-testing/BankAccount.js","statementMap":{"0":{"start":{"line":3,"column":6},"end":{"line":3,"column":29}},"1":{"start":{"line":7,"column":6},"end":{"line":7,"column":29}},"2":{"start":{"line":11,"column":6},"end":{"line":13,"column":7}},"3":{"start":{"line":12,"column":8},"end":{"line":12,"column":46}},"4":{"start":{"line":14,"column":6},"end":{"line":14,"column":29}},"5":{"start":{"line":18,"column":6},"end":{"line":18,"column":28}},"6":{"start":{"line":19,"column":6},"end":{"line":19,"column":36}},"7":{"start":{"line":23,"column":2},"end":{"line":23,"column":31}}},"fnMap":{"0":{"name":"(anonymous_0)","decl":{"start":{"line":2,"column":4},"end":{"line":2,"column":5}},"loc":{"start":{"line":2,"column":29},"end":{"line":4,"column":5}},"line":2},"1":{"name":"(anonymous_1)","decl":{"start":{"line":6,"column":4},"end":{"line":6,"column":5}},"loc":{"start":{"line":6,"column":20},"end":{"line":8,"column":5}},"line":6},"2":{"name":"(anonymous_2)","decl":{"start":{"line":10,"column":4},"end":{"line":10,"column":5}},"loc":{"start":{"line":10,"column":21},"end":{"line":15,"column":5}},"line":10},"3":{"name":"(anonymous_3)","decl":{"start":{"line":17,"column":4},"end":{"line":17,"column":5}},"loc":{"start":{"line":17,"column":36},"end":{"line":20,"column":5}},"line":17}},"branchMap":{"0":{"loc":{"start":{"line":2,"column":16},"end":{"line":2,"column":27}},"type":"default-arg","locations":[{"start":{"line":2,"column":26},"end":{"line":2,"column":27}}],"line":2},"1":{"loc":{"start":{"line":11,"column":6},"end":{"line":13,"column":7}},"type":"if","locations":[{"start":{"line":11,"column":6},"end":{"line":13,"column":7}},{"start":{},"end":{}}],"line":11}},"s":{"0":5,"1":2,"2":3,"3":1,"4":2,"5":1,"6":1,"7":1},"f":{"0":5,"1":2,"2":3,"3":1},"b":{"0":[1],"1":[1,2]},"_coverageSchema":"1a1c01bbd47fc00a2c39e90264f33305004495a9","hash":"fd500856f133d6a80370b418a103d4b15b74c180"}
,"/Users/dennishsiaotiwang/Library/CloudStorage/OneDrive-Personal/BSc in Software Engineering Courses/BSc in Software Engineering Semester 2/09_COMPONENTS_OF_SOFTWARE_ENGINEERING/Lab_4/lab4-unit-testing/add.js": {"path":"/Users/dennishsiaotiwang/Library/CloudStorage/OneDrive-Personal/BSc in Software Engineering Courses/BSc in Software Engineering Semester 2/09_COMPONENTS_OF_SOFTWARE_ENGINEERING/Lab_4/lab4-unit-testing/add.js","statementMap":{"0":{"start":{"line":2,"column":4},"end":{"line":2,"column":17}},"1":{"start":{"line":4,"column":2},"end":{"line":4,"column":23}}},"fnMap":{"0":{"name":"add","decl":{"start":{"line":1,"column":9},"end":{"line":1,"column":12}},"loc":{"start":{"line":1,"column":19},"end":{"line":3,"column":3}},"line":1}},"branchMap":{},"s":{"0":1,"1":1},"f":{"0":1},"b":{},"_coverageSchema":"1a1c01bbd47fc00a2c39e90264f33305004495a9","hash":"f1045ca7690db82237162c1a4335fdb052cca04d"}
,"/Users/dennishsiaotiwang/Library/CloudStorage/OneDrive-Personal/BSc in Software Engineering Courses/BSc in Software Engineering Semester 2/09_COMPONENTS_OF_SOFTWARE_ENGINEERING/Lab_4/lab4-unit-testing/isEven.js": {"path":"/Users/dennishsiaotiwang/Library/CloudStorage/OneDrive-Personal/BSc in Software Engineering Courses/BSc in Software Engineering Semester 2/09_COMPONENTS_OF_SOFTWARE_ENGINEERING/Lab_4/lab4-unit-testing/isEven.js","statementMap":{"0":{"start":{"line":2,"column":4},"end":{"line":4,"column":5}},"1":{"start":{"line":3,"column":6},"end":{"line":3,"column":56}},"2":{"start":{"line":5,"column":4},"end":{"line":5,"column":28}},"3":{"start":{"line":8,"column":2},"end":{"line":8,"column":26}}},"fnMap":{"0":{"name":"isEven","decl":{"start":{"line":1,"column":9},"end":{"line":1,"column":15}},"loc":{"start":{"line":1,"column":24},"end":{"line":6,"column":3}},"line":1}},"branchMap":{"0":{"loc":{"start":{"line":2,"column":4},"end":{"line":4,"column":5}},"type":"if","locations":[{"start":{"line":2,"column":4},"end":{"line":4,"column":5}},{"start":{},"end":{}}],"line":2},"1":{"loc":{"start":{"line":2,"column":8},"end":{"line":2,"column":62}},"type":"binary-expr","locations":[{"start":{"line":2,"column":8},"end":{"line":2,"column":34}},{"start":{"line":2,"column":38},"end":{"line":2,"column":62}}],"line":2}},"s":{"0":13,"1":4,"2":9,"3":1},"f":{"0":13},"b":{"0":[4,9],"1":[13,10]},"_coverageSchema":"1a1c01bbd47fc00a2c39e90264f33305004495a9","hash":"3352928ff63cdeb932bf2370b4309f2ca8ee0c23"}
}
