TN:
SF:BankAccount.js
FN:2,(anonymous_0)
FN:6,(anonymous_1)
FN:10,(anonymous_2)
FN:17,(anonymous_3)
FNF:4
FNH:4
FNDA:5,(anonymous_0)
FNDA:2,(anonymous_1)
FNDA:3,(anonymous_2)
FNDA:1,(anonymous_3)
DA:3,5
DA:7,2
DA:11,3
DA:12,1
DA:14,2
DA:18,1
DA:19,1
DA:23,1
LF:8
LH:8
BRDA:2,0,0,1
BRDA:11,1,0,1
BRDA:11,1,1,2
BRF:3
BRH:3
end_of_record
TN:
SF:add.js
FN:1,add
FNF:1
FNH:1
FNDA:1,add
DA:2,1
DA:4,1
LF:2
LH:2
BRF:0
BRH:0
end_of_record
TN:
SF:isEven.js
FN:1,isEven
FNF:1
FNH:1
FNDA:13,isEven
DA:2,13
DA:3,4
DA:5,9
DA:8,1
LF:4
LH:4
BRDA:2,0,0,4
BRDA:2,0,1,9
BRDA:2,1,0,13
BRDA:2,1,1,10
BRF:4
BRH:4
end_of_record
